#
# There is insufficient memory for the Java Runtime Environment to continue.
# Native memory allocation (malloc) failed to allocate 1048576 bytes for AllocateHeap
# Possible reasons:
#   The system is out of physical RAM or swap space
#   The process is running with CompressedOops enabled, and the Java Heap may be blocking the growth of the native heap
# Possible solutions:
#   Reduce memory load on the system
#   Increase physical memory or swap space
#   Check if swap backing store is full
#   Decrease Java heap size (-Xmx/-Xms)
#   Decrease number of Java threads
#   Decrease Java thread stack sizes (-Xss)
#   Set larger code cache with -XX:ReservedCodeCacheSize=
#   JVM is running with Unscaled Compressed Oops mode in which the Java heap is
#     placed in the first 4GB address space. The Java Heap base address is the
#     maximum limit for the native heap growth. Please use -XX:HeapBaseMinAddress
#     to set the Java Heap base and to place the Java Heap above 4GB virtual address.
# This output file may be truncated or incomplete.
#
#  Out of Memory Error (memory/allocation.inline.hpp:61), pid=704, tid=0x0000000000002684
#
# JRE version:  (8.0_251-b08) (build )
# Java VM: Java HotSpot(TM) 64-Bit Server VM (25.251-b08 mixed mode windows-amd64 compressed oops)
# Failed to write core dump. Minidumps are not enabled by default on client versions of Windows
#

---------------  T H R E A D  ---------------

Current thread (0x00000000028b3800):  JavaThread "Unknown thread" [_thread_in_vm, id=9860, stack(0x0000000002780000,0x0000000002880000)]

Stack: [0x0000000002780000,0x0000000002880000]
[error occurred during error reporting (printing stack bounds), id 0xc0000005]

Native frames: (J=compiled Java code, j=interpreted, Vv=VM code, C=native code)


---------------  P R O C E S S  ---------------

Java Threads: ( => current thread )

Other Threads:

=>0x00000000028b3800 (exited) JavaThread "Unknown thread" [_thread_in_vm, id=9860, stack(0x0000000002780000,0x0000000002880000)]

VM state:not at safepoint (normal execution)

VM Mutex/Monitor currently owned by a thread: None

heap address: 0x0000000081600000, size: 2026 MB, Compressed Oops mode: 32-bit
Narrow klass base: 0x0000000000000000, Narrow klass shift: 3
Compressed class space size: 1073741824 Address: 0x0000000100000000

Heap:
 PSYoungGen      total 38400K, used 665K [0x00000000d5d00000, 0x00000000d8780000, 0x0000000100000000)
  eden space 33280K, 2% used [0x00000000d5d00000,0x00000000d5da6670,0x00000000d7d80000)
  from space 5120K, 0% used [0x00000000d8280000,0x00000000d8280000,0x00000000d8780000)
  to   space 5120K, 0% used [0x00000000d7d80000,0x00000000d7d80000,0x00000000d8280000)
 ParOldGen       total 87552K, used 0K [0x0000000081600000, 0x0000000086b80000, 0x00000000d5d00000)
  object space 87552K, 0% used [0x0000000081600000,0x0000000081600000,0x0000000086b80000)
 Metaspace       used 752K, capacity 4480K, committed 4480K, reserved 1056768K
  class space    used 76K, capacity 384K, committed 384K, reserved 1048576K

Card table byte_map: [0x0000000011d70000,0x0000000012170000] byte_map_base: 0x0000000011965000

Marking Bits: (ParMarkBitMap*) 0x000000006feeaf90
 Begin Bits: [0x0000000012c20000, 0x0000000014bc8000)
 End Bits:   [0x0000000014bc8000, 0x0000000016b70000)

Polling page: 0x0000000000a90000

CodeCache: size=245760Kb used=328Kb max_used=328Kb free=245431Kb
 bounds [0x00000000029b0000, 0x0000000002c20000, 0x00000000119b0000]
 total_blobs=58 nmethods=0 adapters=38
 compilation: enabled

Compilation events (0 events):
No events

GC Heap History (0 events):
No events

Deoptimization events (0 events):
No events

Classes redefined (0 events):
No events

Internal exceptions (0 events):
No events

Events (10 events):
Event: 0.021 loading class java/lang/Short
Event: 0.021 loading class java/lang/Short done
Event: 0.021 loading class java/lang/Integer
Event: 0.021 loading class java/lang/Integer done
Event: 0.021 loading class java/lang/Long
Event: 0.021 loading class java/lang/Long done
Event: 0.022 loading class java/lang/NullPointerException
Event: 0.022 loading class java/lang/NullPointerException done
Event: 0.022 loading class java/lang/ArithmeticException
Event: 0.022 loading class java/lang/ArithmeticException done


Dynamic libraries:
0x00007ff677410000 - 0x00007ff677447000 	C:\Program Files\Java\jre1.8.0_251\bin\javaw.exe
0x00007fffdee00000 - 0x00007fffdeff0000 	C:\WINDOWS\SYSTEM32\ntdll.dll
0x00007fffde930000 - 0x00007fffde9e2000 	C:\WINDOWS\System32\KERNEL32.DLL
0x00007fffdc860000 - 0x00007fffdcb04000 	C:\WINDOWS\System32\KERNELBASE.dll
0x00007fffdea60000 - 0x00007fffdeb03000 	C:\WINDOWS\System32\ADVAPI32.dll
0x00007fffdeb10000 - 0x00007fffdebae000 	C:\WINDOWS\System32\msvcrt.dll
0x00007fffde530000 - 0x00007fffde5c7000 	C:\WINDOWS\System32\sechost.dll
0x00007fffde5e0000 - 0x00007fffde700000 	C:\WINDOWS\System32\RPCRT4.dll
0x00007fffddbd0000 - 0x00007fffddd64000 	C:\WINDOWS\System32\USER32.dll
0x00007fffdc660000 - 0x00007fffdc681000 	C:\WINDOWS\System32\win32u.dll
0x00007fffdcff0000 - 0x00007fffdd016000 	C:\WINDOWS\System32\GDI32.dll
0x00007fffdc6c0000 - 0x00007fffdc856000 	C:\WINDOWS\System32\gdi32full.dll
0x00007fffdcb10000 - 0x00007fffdcbae000 	C:\WINDOWS\System32\msvcp_win.dll
0x00007fffdcd60000 - 0x00007fffdce5a000 	C:\WINDOWS\System32\ucrtbase.dll
0x00007fffd24b0000 - 0x00007fffd2734000 	C:\WINDOWS\WinSxS\amd64_microsoft.windows.common-controls_6595b64144ccf1df_6.0.18362.959_none_e6c7bbbf130c62bb\COMCTL32.dll
0x00007fffdd0d0000 - 0x00007fffdd405000 	C:\WINDOWS\System32\combase.dll
0x00007fffdc530000 - 0x00007fffdc5b0000 	C:\WINDOWS\System32\bcryptPrimitives.dll
0x00007fffdd410000 - 0x00007fffdd43e000 	C:\WINDOWS\System32\IMM32.DLL
0x000000006f110000 - 0x000000006f1e2000 	C:\Program Files\Java\jre1.8.0_251\bin\msvcr100.dll
0x000000006f6c0000 - 0x000000006ff6b000 	C:\Program Files\Java\jre1.8.0_251\bin\server\jvm.dll
0x00007fffdde30000 - 0x00007fffdde38000 	C:\WINDOWS\System32\PSAPI.DLL
0x00007fffd0d10000 - 0x00007fffd0d1a000 	C:\WINDOWS\SYSTEM32\VERSION.dll
0x00007fffd33c0000 - 0x00007fffd33e4000 	C:\WINDOWS\SYSTEM32\WINMM.dll
0x00007fffd9b80000 - 0x00007fffd9b89000 	C:\WINDOWS\SYSTEM32\WSOCK32.dll
0x00007fffde7d0000 - 0x00007fffde83f000 	C:\WINDOWS\System32\WS2_32.dll
0x00007fffd3170000 - 0x00007fffd319d000 	C:\WINDOWS\SYSTEM32\WINMMBASE.dll
0x00007fffdce60000 - 0x00007fffdceaa000 	C:\WINDOWS\System32\cfgmgr32.dll
0x00007fffd70e0000 - 0x00007fffd70ef000 	C:\Program Files\Java\jre1.8.0_251\bin\verify.dll
0x00007fffd63b0000 - 0x00007fffd63d9000 	C:\Program Files\Java\jre1.8.0_251\bin\java.dll
0x00007fffd6390000 - 0x00007fffd63a6000 	C:\Program Files\Java\jre1.8.0_251\bin\zip.dll

VM Arguments:
jvm_args: -ea -Dfile.encoding=Cp1252 
java_command: org.testng.remote.RemoteTestNG -serport 53724 -d C:\Users\pisef\workspace\JulyMaven01\test-output C:\Users\pisef\workspace\JulyMaven01\TestNGParallel.xml
java_class_path (initial): C:\Users\pisef\.p2\pool\plugins\org.testng.eclipse_6.9.10.201512240000\lib\snakeyaml.jar;C:\Users\pisef\.p2\pool\plugins\org.testng.eclipse_6.9.10.201512240000\lib\bsh-2.0b4.jar;C:\Users\pisef\.p2\pool\plugins\org.testng.eclipse_6.9.10.201512240000\lib\jcommander.jar;C:\Users\pisef\.p2\pool\plugins\org.testng.eclipse_6.9.10.201512240000\lib\testng.jar;C:\Users\pisef\workspace\JulyMaven01\target\test-classes;C:\Users\pisef\workspace\JulyMaven01\target\classes;C:\Users\pisef\.m2\repository\org\seleniumhq\selenium\selenium-java\3.141.59\selenium-java-3.141.59.jar;C:\Users\pisef\.m2\repository\org\seleniumhq\selenium\selenium-api\3.141.59\selenium-api-3.141.59.jar;C:\Users\pisef\.m2\repository\org\seleniumhq\selenium\selenium-chrome-driver\3.141.59\selenium-chrome-driver-3.141.59.jar;C:\Users\pisef\.m2\repository\org\seleniumhq\selenium\selenium-edge-driver\3.141.59\selenium-edge-driver-3.141.59.jar;C:\Users\pisef\.m2\repository\org\seleniumhq\selenium\selenium-firefox-driver\3.141.59\selenium-firefox-driver-3.141.59.jar;C:\Users\pisef\.m2\repository\org\seleniumhq\selenium\selenium-ie-driver\3.141.59\selenium-ie-driver-3.141.59.jar;C:\Users\pisef\.m2\repository\org\seleniumhq\selenium\selenium-opera-driver\3.141.59\selenium-opera-driver-3.141.59.jar;C:\Users\pisef\.m2\repository\org\seleniumhq\selenium\selenium-remote-driver\3.141.59\selenium-remote-driver-3.141.59.jar;C:\Users\pisef\.m2\repository\org\seleniumhq\selenium\selenium-safari-driver\3.141.59\selenium-safari-driver-3.141.59.jar;C:\Users\pisef\.m2\repository\org\seleniumhq\selenium\selenium-support\3.141.59\selenium-support-3.141.59.jar;C:\Users\pisef\.m2\repository\net\bytebuddy\byte-buddy\1.8.15\byte-buddy-1.8.15.jar;C:\Users\pisef\.m2\repository\org\apache\commons\commons-exec\1.3\commons-exec-1.3.jar;C:\Users\pisef\.m2\repository\com\google\guava\guava\25.0-jre\guava-25.0-jre.jar;C:\Users\pisef\.m2\repository\com\google\code\findbugs\jsr305\1.3.9\jsr305-1.3.9.jar;C:\Users\pise
Launcher Type: SUN_STANDARD

Environment Variables:
JAVA_HOME=C:\Program Files\Java\jdk1.8.0_251
PATH=C:/Program Files/Java/jre1.8.0_251/bin/server;C:/Program Files/Java/jre1.8.0_251/bin;C:/Program Files/Java/jre1.8.0_251/lib/amd64;C:\Program Files (x86)\Common Files\Oracle\Java\javapath;C:\ProgramData\Boxstarter;C:\Program Files (x86)\Intel\iCLS Client\;C:\Program Files\Intel\iCLS Client\;C:\Windows\system32;C:\Windows;C:\Windows\System32\Wbem;C:\Windows\System32\WindowsPowerShell\v1.0\;C:\Windows\System32\OpenSSH\;C:\ProgramData\chocolatey\bin;C:\WINDOWS\system32;C:\WINDOWS;C:\WINDOWS\System32\Wbem;C:\WINDOWS\System32\WindowsPowerShell\v1.0\;C:\WINDOWS\System32\OpenSSH\;C:\Program Files\Git\cmd;%JAVA_HOME%\bin;C:\Users\pisef\AppData\Local\Programs\Python\Python38\Scripts\;C:\Users\pisef\AppData\Local\Programs\Python\Python38\;C:\Users\pisef\AppData\Local\Microsoft\WindowsApps;C:\Users\pisef\AppData\Local\Microsoft\WindowsApps;;C:\Program Files\JetBrains\PyCharm Community Edition 2020.1.1\bin;;C:\WINDOWS\System32;
USERNAME=pisef
OS=Windows_NT
PROCESSOR_IDENTIFIER=Intel64 Family 6 Model 142 Stepping 10, GenuineIntel



---------------  S Y S T E M  ---------------

OS: Windows 10.0 , 64 bit Build 18362 (10.0.18362.959)

CPU:total 8 (initial active 8) (4 cores per cpu, 2 threads per core) family 6 model 142 stepping 10, cmov, cx8, fxsr, mmx, sse, sse2, sse3, ssse3, sse4.1, sse4.2, popcnt, avx, avx2, aes, clmul, erms, 3dnowpref, lzcnt, ht, tsc, tscinvbit, bmi1, bmi2, adx

Memory: 4k page, physical 8295652k(1232072k free), swap 8295652k(5496k free)

vm_info: Java HotSpot(TM) 64-Bit Server VM (25.251-b08) for windows-amd64 JRE (1.8.0_251-b08), built on Mar 12 2020 06:31:49 by "" with MS VC++ 10.0 (VS2010)

time: Mon Jul 27 21:41:16 2020
timezone: Eastern Daylight Time
elapsed time: 0 seconds (0d 0h 0m 0s)

